<?xml version="1.0" encoding="UTF-8"?>
<!-- Generated by org.testng.reporters.JUnitReportReporter -->
<testsuite skipped="0" hostname="DDC2-D-9TMK882" name="Mydemo.NewTest" tests="4" failures="0" timestamp="17 Jul 2019 10:04:36 GMT" time="0.022" errors="0">
  <testcase name="Registration" time="0.015" classname="Mydemo.NewTest"/>
  <testcase name="login" time="0.004" classname="Mydemo.NewTest"/>
  <testcase name="Addtocart" time="0.002" classname="Mydemo.NewTest"/>
  <testcase name="logout" time="0.001" classname="Mydemo.NewTest"/>
</testsuite> <!-- Mydemo.NewTest -->
