<?xml version="1.0" encoding="UTF-8"?>
<!-- Generated by org.testng.reporters.JUnitReportReporter -->
<testsuite skipped="0" hostname="DDC2-D-9TMK882" name="testcase.NewTest_03class" tests="3" failures="0" timestamp="17 Jul 2019 12:16:54 GMT" time="0.010" errors="0">
  <testcase name="f" time="0.005" classname="testcase.NewTest_03class"/>
  <testcase name="g" time="0.003" classname="testcase.NewTest_03class"/>
  <testcase name="h" time="0.002" classname="testcase.NewTest_03class"/>
</testsuite> <!-- testcase.NewTest_03class -->
