<?xml version="1.0" encoding="UTF-8"?>
<!-- Generated by org.testng.reporters.JUnitReportReporter -->
<testsuite skipped="0" hostname="DDC2-D-9TMK882" name="testcase.NewTest_02" tests="3" failures="0" timestamp="17 Jul 2019 12:09:17 GMT" time="0.056" errors="0">
  <testcase name="h" time="0.007" classname="testcase.NewTest_02"/>
  <testcase name="f" time="0.017" classname="testcase.NewTest_02"/>
  <testcase name="g" time="0.032" classname="testcase.NewTest_02"/>
</testsuite> <!-- testcase.NewTest_02 -->
