<?xml version="1.0" encoding="UTF-8"?>
<testng-results skipped="0" failed="0" ignored="0" total="3" passed="3">
  <reporter-output>
  </reporter-output>
  <suite name="Default suite" duration-ms="77543" started-at="2019-07-23T06:38:35Z" finished-at="2019-07-23T06:39:53Z">
    <groups>
    </groups>
    <test name="Default test" duration-ms="77543" started-at="2019-07-23T06:38:35Z" finished-at="2019-07-23T06:39:53Z">
      <class name="pack1.OnlineShoppingTest">
        <test-method status="PASS" signature="launch()[pri:0, instance:pack1.OnlineShoppingTest@239963d8]" name="launch" is-config="true" duration-ms="14565" started-at="2019-07-23T06:38:35Z" finished-at="2019-07-23T06:38:50Z">
          <reporter-output>
          </reporter-output>
        </test-method> <!-- launch -->
        <test-method status="PASS" signature="testLogin(java.lang.String, java.lang.String)[pri:2, instance:pack1.OnlineShoppingTest@239963d8]" name="testLogin" duration-ms="24677" started-at="2019-07-23T06:38:50Z" data-provider="dp" finished-at="2019-07-23T06:39:14Z">
          <params>
            <param index="0">
              <value>
                <![CDATA[fgmnzx]]>
              </value>
            </param>
            <param index="1">
              <value>
                <![CDATA[mnbvcxz]]>
              </value>
            </param>
          </params>
          <reporter-output>
          </reporter-output>
        </test-method> <!-- testLogin -->
        <test-method status="PASS" signature="getResultAfterMethod(org.testng.ITestResult)[pri:0, instance:pack1.OnlineShoppingTest@239963d8]" name="getResultAfterMethod" is-config="true" duration-ms="0" started-at="2019-07-23T06:39:14Z" finished-at="2019-07-23T06:39:14Z">
          <params>
            <param index="0">
              <value>
                <![CDATA[[TestResult name=testLogin status=SUCCESS method=OnlineShoppingTest.testLogin(java.lang.String, java.lang.String)[pri:2, instance:pack1.OnlineShoppingTest@239963d8] output={null}]]]>
              </value>
            </param>
          </params>
          <reporter-output>
          </reporter-output>
        </test-method> <!-- getResultAfterMethod -->
        <test-method status="PASS" signature="testCart()[pri:3, instance:pack1.OnlineShoppingTest@239963d8]" name="testCart" duration-ms="18264" started-at="2019-07-23T06:39:14Z" finished-at="2019-07-23T06:39:33Z">
          <reporter-output>
          </reporter-output>
        </test-method> <!-- testCart -->
        <test-method status="PASS" signature="getResultAfterMethod(org.testng.ITestResult)[pri:0, instance:pack1.OnlineShoppingTest@239963d8]" name="getResultAfterMethod" is-config="true" duration-ms="1" started-at="2019-07-23T06:39:33Z" finished-at="2019-07-23T06:39:33Z">
          <params>
            <param index="0">
              <value>
                <![CDATA[[TestResult name=testCart status=SUCCESS method=OnlineShoppingTest.testCart()[pri:3, instance:pack1.OnlineShoppingTest@239963d8] output={null}]]]>
              </value>
            </param>
          </params>
          <reporter-output>
          </reporter-output>
        </test-method> <!-- getResultAfterMethod -->
        <test-method status="PASS" signature="testPayment()[pri:4, instance:pack1.OnlineShoppingTest@239963d8]" name="testPayment" duration-ms="19410" started-at="2019-07-23T06:39:33Z" finished-at="2019-07-23T06:39:52Z">
          <reporter-output>
          </reporter-output>
        </test-method> <!-- testPayment -->
        <test-method status="PASS" signature="endReportAfterTest()[pri:0, instance:pack1.OnlineShoppingTest@239963d8]" name="endReportAfterTest" is-config="true" duration-ms="535" started-at="2019-07-23T06:39:52Z" finished-at="2019-07-23T06:39:53Z">
          <reporter-output>
          </reporter-output>
        </test-method> <!-- endReportAfterTest -->
        <test-method status="PASS" signature="getResultAfterMethod(org.testng.ITestResult)[pri:0, instance:pack1.OnlineShoppingTest@239963d8]" name="getResultAfterMethod" is-config="true" duration-ms="0" started-at="2019-07-23T06:39:52Z" finished-at="2019-07-23T06:39:52Z">
          <params>
            <param index="0">
              <value>
                <![CDATA[[TestResult name=testPayment status=SUCCESS method=OnlineShoppingTest.testPayment()[pri:4, instance:pack1.OnlineShoppingTest@239963d8] output={null}]]]>
              </value>
            </param>
          </params>
          <reporter-output>
          </reporter-output>
        </test-method> <!-- getResultAfterMethod -->
      </class> <!-- pack1.OnlineShoppingTest -->
    </test> <!-- Default test -->
  </suite> <!-- Default suite -->
</testng-results>
