<?xml version="1.0" encoding="UTF-8"?>
<!-- Generated by org.testng.reporters.JUnitXMLReporter -->
<testsuite hostname="DDC2-D-7PNR9B2" ignored="0" name="Default test" tests="4" failures="0" timestamp="20 Jul 2019 12:52:36 GMT" time="0.091" errors="0">
  <testcase name="D" time="0.017" classname="pack1.My_TC_01_Test"/>
  <testcase name="C" time="0.002" classname="pack1.My_TC_01_Test"/>
  <testcase name="B" time="0.003" classname="pack1.My_TC_01_Test"/>
  <testcase name="A" time="0.001" classname="pack1.My_TC_01_Test"/>
</testsuite> <!-- Default test -->
