<?xml version="1.0" encoding="UTF-8"?>
<testng-results skipped="0" failed="0" ignored="0" total="1" passed="1">
  <reporter-output>
  </reporter-output>
  <suite name="Default suite" duration-ms="29796" started-at="2019-07-18T13:07:40Z" finished-at="2019-07-18T13:08:10Z">
    <groups>
    </groups>
    <test name="Default test" duration-ms="29796" started-at="2019-07-18T13:07:40Z" finished-at="2019-07-18T13:08:10Z">
      <class name="demo567.Demo567">
        <test-method status="PASS" signature="f()[pri:0, instance:demo567.Demo567@8bd1b6a]" name="f" duration-ms="29759" started-at="2019-07-18T13:07:40Z" finished-at="2019-07-18T13:08:10Z">
          <reporter-output>
          </reporter-output>
        </test-method> <!-- f -->
      </class> <!-- demo567.Demo567 -->
    </test> <!-- Default test -->
  </suite> <!-- Default suite -->
</testng-results>
