<?xml version="1.0" encoding="UTF-8"?>
<!-- Generated by org.testng.reporters.JUnitXMLReporter -->
<testsuite hostname="DDC2-D-7PNR9B2" ignored="0" name="Default test" tests="3" failures="0" timestamp="23 Jul 2019 06:39:53 GMT" time="77.543" errors="0">
  <testcase name="testLogin" time="24.677" classname="pack1.OnlineShoppingTest"/>
  <testcase name="testCart" time="18.264" classname="pack1.OnlineShoppingTest"/>
  <testcase name="testPayment" time="19.41" classname="pack1.OnlineShoppingTest"/>
</testsuite> <!-- Default test -->
