<?xml version="1.0" encoding="UTF-8"?>
<testng-results skipped="0" failed="0" ignored="0" total="4" passed="4">
  <reporter-output>
  </reporter-output>
  <suite name="Default suite" duration-ms="91" started-at="2019-07-20T12:52:36Z" finished-at="2019-07-20T12:52:36Z">
    <groups>
    </groups>
    <test name="Default test" duration-ms="91" started-at="2019-07-20T12:52:36Z" finished-at="2019-07-20T12:52:36Z">
      <class name="pack1.My_TC_01_Test">
        <test-method status="PASS" signature="D()[pri:1, instance:pack1.My_TC_01_Test@396a51ab]" name="D" duration-ms="17" started-at="2019-07-20T12:52:36Z" finished-at="2019-07-20T12:52:36Z">
          <reporter-output>
          </reporter-output>
        </test-method> <!-- D -->
        <test-method status="PASS" signature="C()[pri:2, instance:pack1.My_TC_01_Test@396a51ab]" name="C" duration-ms="2" started-at="2019-07-20T12:52:36Z" finished-at="2019-07-20T12:52:36Z">
          <reporter-output>
          </reporter-output>
        </test-method> <!-- C -->
        <test-method status="PASS" signature="B()[pri:3, instance:pack1.My_TC_01_Test@396a51ab]" name="B" duration-ms="3" started-at="2019-07-20T12:52:36Z" finished-at="2019-07-20T12:52:36Z">
          <reporter-output>
          </reporter-output>
        </test-method> <!-- B -->
        <test-method status="PASS" signature="A()[pri:4, instance:pack1.My_TC_01_Test@396a51ab]" name="A" duration-ms="1" started-at="2019-07-20T12:52:36Z" finished-at="2019-07-20T12:52:36Z">
          <reporter-output>
          </reporter-output>
        </test-method> <!-- A -->
      </class> <!-- pack1.My_TC_01_Test -->
    </test> <!-- Default test -->
  </suite> <!-- Default suite -->
</testng-results>
