<?xml version="1.0" encoding="UTF-8"?>
<!-- Generated by org.testng.reporters.JUnitXMLReporter -->
<testsuite hostname="DDC2-D-7PNR9B2" ignored="1" name="TC001" tests="2" failures="0" timestamp="19 Jul 2019 10:11:46 GMT" time="0.059" errors="0">
  <testcase name="method1" time="0.015" classname="MyDemo_01.MyDemo_01.MyDemo01Package"/>
  <testcase name="method3" time="0.001" classname="MyDemo_01.MyDemo_01.MyDemo01Package"/>
  <testcase name="method2" time="0.0" classname="MyDemo_01.MyDemo_01.MyDemo01Package">
    <ignored/>
  </testcase> <!-- method2 -->
</testsuite> <!-- TC001 -->
