<?xml version="1.0" encoding="UTF-8"?>
<testng-results skipped="0" failed="1" ignored="0" total="1" passed="0">
  <reporter-output>
  </reporter-output>
  <suite name="Default suite" duration-ms="36946" started-at="2019-07-22T06:57:11Z" finished-at="2019-07-22T06:57:48Z">
    <groups>
    </groups>
    <test name="Default test" duration-ms="36946" started-at="2019-07-22T06:57:11Z" finished-at="2019-07-22T06:57:48Z">
      <class name="Anudeep1.Extentreport1">
        <test-method status="PASS" signature="startReport()[pri:0, instance:Anudeep1.Extentreport1@1794d431]" name="startReport" is-config="true" duration-ms="259" started-at="2019-07-22T06:57:11Z" finished-at="2019-07-22T06:57:11Z">
          <reporter-output>
          </reporter-output>
        </test-method> <!-- startReport -->
        <test-method status="FAIL" signature="login()[pri:0, instance:Anudeep1.Extentreport1@1794d431]" name="login" duration-ms="35634" started-at="2019-07-22T06:57:11Z" finished-at="2019-07-22T06:57:47Z">
          <exception class="junit.framework.ComparisonFailure">
            <message>
              <![CDATA[expected:<...OME> but was:<...ome>]]>
            </message>
            <full-stacktrace>
              <![CDATA[junit.framework.ComparisonFailure: expected:<...OME> but was:<...ome>
at junit.framework.Assert.assertEquals(Assert.java:81)
at junit.framework.Assert.assertEquals(Assert.java:87)
at Anudeep1.Extentreport1.login(Extentreport1.java:46)
at sun.reflect.NativeMethodAccessorImpl.invoke0(Native Method)
at sun.reflect.NativeMethodAccessorImpl.invoke(NativeMethodAccessorImpl.java:62)
at sun.reflect.DelegatingMethodAccessorImpl.invoke(DelegatingMethodAccessorImpl.java:43)
at java.lang.reflect.Method.invoke(Method.java:498)
at org.testng.internal.MethodInvocationHelper.invokeMethod(MethodInvocationHelper.java:124)
at org.testng.internal.Invoker.invokeMethod(Invoker.java:580)
at org.testng.internal.Invoker.invokeTestMethod(Invoker.java:716)
at org.testng.internal.Invoker.invokeTestMethods(Invoker.java:988)
at org.testng.internal.TestMethodWorker.invokeTestMethods(TestMethodWorker.java:125)
at org.testng.internal.TestMethodWorker.run(TestMethodWorker.java:109)
at org.testng.TestRunner.privateRun(TestRunner.java:648)
at org.testng.TestRunner.run(TestRunner.java:505)
at org.testng.SuiteRunner.runTest(SuiteRunner.java:455)
at org.testng.SuiteRunner.runSequentially(SuiteRunner.java:450)
at org.testng.SuiteRunner.privateRun(SuiteRunner.java:415)
at org.testng.SuiteRunner.run(SuiteRunner.java:364)
at org.testng.SuiteRunnerWorker.runSuite(SuiteRunnerWorker.java:52)
at org.testng.SuiteRunnerWorker.run(SuiteRunnerWorker.java:84)
at org.testng.TestNG.runSuitesSequentially(TestNG.java:1208)
at org.testng.TestNG.runSuitesLocally(TestNG.java:1137)
at org.testng.TestNG.runSuites(TestNG.java:1049)
at org.testng.TestNG.run(TestNG.java:1017)
at org.testng.remote.AbstractRemoteTestNG.run(AbstractRemoteTestNG.java:114)
at org.testng.remote.RemoteTestNG.initAndRun(RemoteTestNG.java:251)
at org.testng.remote.RemoteTestNG.main(RemoteTestNG.java:77)
]]>
            </full-stacktrace>
          </exception> <!-- junit.framework.ComparisonFailure -->
          <reporter-output>
          </reporter-output>
        </test-method> <!-- login -->
        <test-method status="PASS" signature="getResult(org.testng.ITestResult)[pri:0, instance:Anudeep1.Extentreport1@1794d431]" name="getResult" is-config="true" duration-ms="529" started-at="2019-07-22T06:57:47Z" finished-at="2019-07-22T06:57:47Z">
          <params>
            <param index="0">
              <value>
                <![CDATA[[TestResult name=login status=FAILURE method=Extentreport1.login()[pri:0, instance:Anudeep1.Extentreport1@1794d431] output={null}]]]>
              </value>
            </param>
          </params>
          <reporter-output>
          </reporter-output>
        </test-method> <!-- getResult -->
        <test-method status="PASS" signature="afterTest()[pri:0, instance:Anudeep1.Extentreport1@1794d431]" name="afterTest" is-config="true" duration-ms="487" started-at="2019-07-22T06:57:47Z" finished-at="2019-07-22T06:57:48Z">
          <reporter-output>
          </reporter-output>
        </test-method> <!-- afterTest -->
      </class> <!-- Anudeep1.Extentreport1 -->
    </test> <!-- Default test -->
  </suite> <!-- Default suite -->
</testng-results>
